<?xml version="1.0" encoding="UTF-8"?>
<!-- Generated by org.testng.reporters.JUnitXMLReporter -->
<testsuite ignored="0" hostname="DESKTOP-9AK86N4" failures="0" tests="3" name="Default test" time="14.939" errors="0" timestamp="2020-10-06T15:07:58 EET">
  <testcase classname="Tests.UserRegistrationTestWithJavaFaker" name="UserCanRegisterSuccssfully" time="5.534"/>
  <testcase classname="Tests.UserRegistrationTestWithJavaFaker" name="RegisteredUserCanLogout" time="1.944"/>
  <testcase classname="Tests.UserRegistrationTestWithJavaFaker" name="RegisteredUserCanLogin" time="7.409"/>
</testsuite> <!-- Default test -->
