<?xml version="1.0" encoding="UTF-8"?>
<!-- Generated by org.testng.reporters.JUnitXMLReporter -->
<testsuite ignored="0" hostname="DESKTOP-9AK86N4" failures="0" tests="3" name="Default test" time="20.09" errors="0" timestamp="2020-10-05T14:16:48 EET">
  <testcase classname="Tests.UserRegistrationTest" name="UserCanRegisterSuccssfully" time="6.101"/>
  <testcase classname="Tests.UserRegistrationTest" name="RegisteredUserCanLogout" time="3.364"/>
  <testcase classname="Tests.UserRegistrationTest" name="RegisteredUserCanLogin" time="10.585"/>
</testsuite> <!-- Default test -->
