<?xml version="1.0" encoding="UTF-8"?>
<!-- Generated by org.testng.reporters.JUnitXMLReporter -->
<testsuite ignored="4" hostname="DESKTOP-9AK86N4" failures="0" tests="5" name="Regression" time="15.63" errors="0" timestamp="2020-10-13T12:27:55 EET">
  <testcase classname="Tests.SearchProductTest" name="UserCanSearchForProducts" time="3.441"/>
  <testcase classname="Tests.ProductHoverMenuTest" name="UserCanSelectSubCategoryFromMainMenu" time="1.379"/>
  <testcase classname="Tests.UserRegistrationTestWithJavaFaker" name="UserCanRegisterSuccssfully" time="5.499"/>
  <testcase classname="Tests.UserRegistrationTestWithJavaFaker" name="RegisteredUserCanLogout" time="2.565"/>
  <testcase classname="Tests.UserRegistrationTestWithJavaFaker" name="RegisteredUserCanLogin" time="2.695"/>
  <testcase classname="Tests.Testbase" name="@AfterSuite stopDriver" time="0.0">
    <ignored/>
  </testcase> <!-- @AfterSuite stopDriver -->
  <testcase classname="Tests.Testbase" name="@AfterSuite stopDriver" time="0.0">
    <ignored/>
  </testcase> <!-- @AfterSuite stopDriver -->
  <testcase classname="Tests.Testbase" name="@BeforeSuite startDriver" time="0.0">
    <ignored/>
  </testcase> <!-- @BeforeSuite startDriver -->
  <testcase classname="Tests.Testbase" name="@BeforeSuite startDriver" time="0.0">
    <ignored/>
  </testcase> <!-- @BeforeSuite startDriver -->
</testsuite> <!-- Regression -->
