<?xml version="1.0" encoding="UTF-8"?>
<testng-results ignored="0" total="1" passed="1" failed="0" skipped="0">
  <reporter-output>
  </reporter-output>
  <suite started-at="2020-10-07T12:43:56 EET" name="Default suite" finished-at="2020-10-07T12:43:58 EET" duration-ms="2234">
    <groups>
    </groups>
    <test started-at="2020-10-07T12:43:56 EET" name="Default test" finished-at="2020-10-07T12:43:58 EET" duration-ms="2234">
      <class name="Tests.ProductHoverMenuTest">
        <test-method is-config="true" signature="startDriver(java.lang.String)[pri:0, instance:Tests.ProductHoverMenuTest@6bf0219d]" started-at="2020-10-07T12:43:49 EET" name="startDriver" finished-at="2020-10-07T12:43:56 EET" duration-ms="7517" status="PASS">
          <params>
            <param index="0">
              <value>
                <![CDATA[chrome]]>
              </value>
            </param>
          </params>
          <reporter-output>
          </reporter-output>
        </test-method> <!-- startDriver -->
        <test-method signature="UserCanSelectSubCategoryFromMainMenu()[pri:0, instance:Tests.ProductHoverMenuTest@6bf0219d]" started-at="2020-10-07T12:43:56 EET" name="UserCanSelectSubCategoryFromMainMenu" finished-at="2020-10-07T12:43:58 EET" duration-ms="2192" status="PASS">
          <reporter-output>
          </reporter-output>
        </test-method> <!-- UserCanSelectSubCategoryFromMainMenu -->
        <test-method is-config="true" signature="screenshotOnFailure(org.testng.ITestResult)[pri:0, instance:Tests.ProductHoverMenuTest@6bf0219d]" started-at="2020-10-07T12:43:58 EET" name="screenshotOnFailure" finished-at="2020-10-07T12:43:58 EET" duration-ms="1" status="PASS">
          <params>
            <param index="0">
              <value>
                <![CDATA[[TestResult name=UserCanSelectSubCategoryFromMainMenu status=SUCCESS method=ProductHoverMenuTest.UserCanSelectSubCategoryFromMainMenu()[pri:0, instance:Tests.ProductHoverMenuTest@6bf0219d] output={null}]]]>
              </value>
            </param>
          </params>
          <reporter-output>
          </reporter-output>
        </test-method> <!-- screenshotOnFailure -->
        <test-method is-config="true" signature="stopDriver()[pri:0, instance:Tests.ProductHoverMenuTest@6bf0219d]" started-at="2020-10-07T12:43:58 EET" name="stopDriver" finished-at="2020-10-07T12:43:59 EET" duration-ms="693" status="PASS">
          <reporter-output>
          </reporter-output>
        </test-method> <!-- stopDriver -->
      </class> <!-- Tests.ProductHoverMenuTest -->
    </test> <!-- Default test -->
  </suite> <!-- Default suite -->
</testng-results>
